Using pre-set license
Built from '2022.1/staging' branch; Version is '2022.1.20f1 (01d83b40d570) revision 120891'; Using compiler version '192829333'; Build Type 'Release'
OS: 'Windows 11  (10.0.22631) 64bit Core' Language: 'en' Physical Memory: 65264 MB
BatchMode: 1, IsHumanControllingUs: 0, StartBugReporterOnCrash: 0, Is64bit: 1, IsPro: 1

COMMAND LINE ARGUMENTS:
D:\2022.1.20f1\Editor\Unity.exe
-adb2
-batchMode
-noUpm
-name
AssetImportWorker248
-projectPath
S:/Vault/Eve-of-Darkness
-logFile
Logs/AssetImportWorker248.log
-srvPort
12787
Successfully changed project path to: S:/Vault/Eve-of-Darkness
S:/Vault/Eve-of-Darkness
[UnityMemory] Configuration Parameters - Can be set up in boot.config
    "memorysetup-bucket-allocator-granularity=16"
    "memorysetup-bucket-allocator-bucket-count=8"
    "memorysetup-bucket-allocator-block-size=33554432"
    "memorysetup-bucket-allocator-block-count=8"
    "memorysetup-main-allocator-block-size=16777216"
    "memorysetup-thread-allocator-block-size=16777216"
    "memorysetup-gfx-main-allocator-block-size=16777216"
    "memorysetup-gfx-thread-allocator-block-size=16777216"
    "memorysetup-cache-allocator-block-size=4194304"
    "memorysetup-typetree-allocator-block-size=2097152"
    "memorysetup-profiler-bucket-allocator-granularity=16"
    "memorysetup-profiler-bucket-allocator-bucket-count=8"
    "memorysetup-profiler-bucket-allocator-block-size=33554432"
    "memorysetup-profiler-bucket-allocator-block-count=8"
    "memorysetup-profiler-allocator-block-size=16777216"
    "memorysetup-profiler-editor-allocator-block-size=1048576"
    "memorysetup-temp-allocator-size-main=16777216"
    "memorysetup-job-temp-allocator-block-size=2097152"
    "memorysetup-job-temp-allocator-block-size-background=1048576"
    "memorysetup-job-temp-allocator-reduction-small-platforms=262144"
    "memorysetup-temp-allocator-size-background-worker=32768"
    "memorysetup-temp-allocator-size-job-worker=262144"
    "memorysetup-temp-allocator-size-preload-manager=33554432"
    "memorysetup-temp-allocator-size-nav-mesh-worker=65536"
    "memorysetup-temp-allocator-size-audio-worker=65536"
    "memorysetup-temp-allocator-size-cloud-worker=32768"
    "memorysetup-temp-allocator-size-gi-baking-worker=262144"
    "memorysetup-temp-allocator-size-gfx=262144"
mdb reader table full -> cleaning up stale readers. Current readers:
    pid     thread     txnid
     16748 50d4 -
     16748 3248 -
     32676 2214 -
      5136 e680 -
     93692 7464 -
     97168 ee40 -
     63136 178f4 -
     99552 11734 -
     77744 141f4 -
     81100 179e4 -
      7136 18868 -
     16640 134d8 -
     59612 18bbc -
     89632 d280 -
    100500 160b8 -
    100804 149e0 -
     32056 16994 -
     88976 bbc0 -
     90564 11e84 -
     48992 18358 -
     73388 9734 -
     66408 14c88 -
     98340 189a8 -
     40228 100d8 -
     44424 121d4 -
     99656 cbdc -
     83168 17b64 -
     72660 4de4 -
     63060 5880 -
     61100 15798 -
     66260 6894 -
     61644 cab0 -
     33648 25d0 -
     41848 e414 11161
     81520 c090 -
     35416 4688 -
     93640 9008 -
     37092 11560 -
     48732 71f0 -
     67448 13bf4 -
     75228 a3ec -
     84068 10fe4 11169
     55196 16b64 -
     41228 80a4 -
     86492 10608 -
     82896 58e0 -
     17024 61ec -
     78740 e050 11175
     22532 5f8c -
     58580 a570 -
     15124 ed30 -
     67616 15d10 -
     72972 d948 -
     69044 139a4 -
     85716 aba4 -
     72700 127e4 -
     75196 18a3c -
     21184 8330 -
     26956 2b4c -
     89572 12a44 -
     31576 d22c -
     90700 b80c -
     70880 111e4 -
     99852 12970 -
     15884 189c8 -
     91712 179e0 -
     96552 9714 -
     56596 a370 -
     14084 9678 -
     98360 d148 11197
     57276 5588 -
     64100 88b4 -
     64668 ae48 -
     80892 5824 -
     53932 7c54 -
      8548 a8cc -
     79492 24f8 -
     79036 15f8 -
     73780 10fdc -
     95404 9828 -
     29472 15468 -
     82984 91b8 -
     61776 14a5c -
     60276 11b34 -
      9416 f5c8 -
     71212 71d0 -
     65964 e480 -
      2892 46b4 -
     75984 bc88 -
     98040 d0a4 11218
     11648 a3fc 11219
     71952 102a0 -
     74652 dfe0 11221
     87708 101c4 -
     87840 f168 -
     79212 960c -
     41212 12a90 -
     54148 8224 -
     35012 44e0 -
     66860 66fc -
     35168 10540 -
      9536 16fb8 -
     78496 1550c 11231
     81316 1761c -
     17696 154bc -
     83692 103dc 11234
     78140 16eb8 -
     84596 13d90 -
     73628 65e0 -
     59296 eb14 -
     49388 1df8 -
     14368 99b8 -
     52084 9ba8 -
     87140 18498 -
     46584 17f34 -
     88872 162b4 -
     34476 ba7c -
     24396 11578 -
     20968 137e4 -
     52728 c1cc -
     49028 4e24 -
     63420 817c -
     83132 7008 -
     49828 c67c -
     68192 df0c -
     22884 a490 -
Cleaned out 123 stale readers
Refreshing native plugins compatible for Editor in 2797.89 ms, found 4 plugins.
Preloading 0 native plugins for Editor in 0.00 ms.
Initialize engine version: 2022.1.20f1 (01d83b40d570)
[Subsystems] Discovering subsystems at path D:/2022.1.20f1/Editor/Data/Resources/UnitySubsystems
[Subsystems] Discovering subsystems at path S:/Vault/Eve-of-Darkness/Assets
GfxDevice: creating device client; threaded=0; jobified=0
Direct3D:
    Version:  Direct3D 11.0 [level 11.1]
    Renderer: NVIDIA GeForce RTX 2080 (ID=0x1e87)
    Vendor:   NVIDIA
    VRAM:     8002 MB
    Driver:   31.0.15.2686
Initialize mono
Mono path[0] = 'D:/2022.1.20f1/Editor/Data/Managed'
Mono path[1] = 'D:/2022.1.20f1/Editor/Data/MonoBleedingEdge/lib/mono/unityjit-win32'
Mono config path = 'D:/2022.1.20f1/Editor/Data/MonoBleedingEdge/etc'
Using monoOptions --debugger-agent=transport=dt_socket,embedding=1,server=y,suspend=n,address=127.0.0.1:56260
Begin MonoManager ReloadAssembly
Registering precompiled unity dll's ...
Register platform support module: D:/2022.1.20f1/Editor/Data/PlaybackEngines/WindowsStandaloneSupport/UnityEditor.WindowsStandalone.Extensions.dll
Registered in 0.008523 seconds.
Native extension for WindowsStandalone target not found
Refreshing native plugins compatible for Editor in 1287.10 ms, found 4 plugins.
Preloading 0 native plugins for Editor in 0.00 ms.
Mono: successfully reloaded assembly
- Completed reload, in  7.200 seconds
Domain Reload Profiling:
	ReloadAssembly (7201ms)
		BeginReloadAssembly (3592ms)
			ExecutionOrderSort (0ms)
			DisableScriptedObjects (0ms)
			BackupInstance (0ms)
			ReleaseScriptingObjects (0ms)
			CreateAndSetChildDomain (3ms)
		EndReloadAssembly (3199ms)
			LoadAssemblies (3590ms)
			RebuildTransferFunctionScriptingTraits (0ms)
			SetupTypeCache (530ms)
				TypeCache.Initialize (528ms)
					TypeCache.ScanAssembly (523ms)
				ResolveRequiredComponents (2ms)
			ReleaseScriptCaches (0ms)
			RebuildScriptCaches (140ms)
			SetupLoadedEditorAssemblies (2293ms)
				LogAssemblyErrors (0ms)
				InitializePlatformSupportModulesInManaged (28ms)
				SetLoadedEditorAssemblies (29ms)
				RefreshPlugins (1287ms)
				BeforeProcessingInitializeOnLoad (6ms)
				ProcessInitializeOnLoadAttributes (732ms)
				ProcessInitializeOnLoadMethodAttributes (211ms)
				AfterProcessingInitializeOnLoad (0ms)
				EditorAssembliesLoaded (0ms)
			ExecutionOrderSort2 (0ms)
			AwakeInstancesAfterBackupRestoration (0ms)
Platform modules already initialized, skipping
Registering precompiled user dll's ...
Registered in 0.023258 seconds.
Begin MonoManager ReloadAssembly
