Using pre-set license
Built from '2022.1/staging' branch; Version is '2022.1.20f1 (01d83b40d570) revision 120891'; Using compiler version '192829333'; Build Type 'Release'
OS: 'Windows 11  (10.0.22631) 64bit Core' Language: 'en' Physical Memory: 65264 MB
BatchMode: 1, IsHumanControllingUs: 0, StartBugReporterOnCrash: 0, Is64bit: 1, IsPro: 1

COMMAND LINE ARGUMENTS:
D:\2022.1.20f1\Editor\Unity.exe
-adb2
-batchMode
-noUpm
-name
AssetImportWorker369
-projectPath
S:/Vault/Eve-of-Darkness
-logFile
Logs/AssetImportWorker369.log
-srvPort
8727
Successfully changed project path to: S:/Vault/Eve-of-Darkness
S:/Vault/Eve-of-Darkness
[UnityMemory] Configuration Parameters - Can be set up in boot.config
    "memorysetup-bucket-allocator-granularity=16"
    "memorysetup-bucket-allocator-bucket-count=8"
    "memorysetup-bucket-allocator-block-size=33554432"
    "memorysetup-bucket-allocator-block-count=8"
    "memorysetup-main-allocator-block-size=16777216"
    "memorysetup-thread-allocator-block-size=16777216"
    "memorysetup-gfx-main-allocator-block-size=16777216"
    "memorysetup-gfx-thread-allocator-block-size=16777216"
    "memorysetup-cache-allocator-block-size=4194304"
    "memorysetup-typetree-allocator-block-size=2097152"
    "memorysetup-profiler-bucket-allocator-granularity=16"
    "memorysetup-profiler-bucket-allocator-bucket-count=8"
    "memorysetup-profiler-bucket-allocator-block-size=33554432"
    "memorysetup-profiler-bucket-allocator-block-count=8"
    "memorysetup-profiler-allocator-block-size=16777216"
    "memorysetup-profiler-editor-allocator-block-size=1048576"
    "memorysetup-temp-allocator-size-main=16777216"
    "memorysetup-job-temp-allocator-block-size=2097152"
    "memorysetup-job-temp-allocator-block-size-background=1048576"
    "memorysetup-job-temp-allocator-reduction-small-platforms=262144"
    "memorysetup-temp-allocator-size-background-worker=32768"
    "memorysetup-temp-allocator-size-job-worker=262144"
    "memorysetup-temp-allocator-size-preload-manager=33554432"
    "memorysetup-temp-allocator-size-nav-mesh-worker=65536"
    "memorysetup-temp-allocator-size-audio-worker=65536"
    "memorysetup-temp-allocator-size-cloud-worker=32768"
    "memorysetup-temp-allocator-size-gi-baking-worker=262144"
    "memorysetup-temp-allocator-size-gfx=262144"
mdb reader table full -> cleaning up stale readers. Current readers:
    pid     thread     txnid
     73516 1486c -
     31968 14764 -
     92220 14918 -
     63472 16558 -
     82368 98f4 -
     91564 53a0 -
     85928 10654 -
     84388 16968 -
     91692 16240 -
     87300 ffa4 -
     80456 153f4 -
     34140 106f0 -
     54072 11a54 -
     92532 c594 -
     85672 169dc -
     89540 167fc -
     28412 7e14 -
     80632 169b8 -
     92244 16a50 -
     82388 9b98 -
     87548 b6c0 -
     25036 1684c -
     92736 16a44 -
     34304 163cc -
     55764 13680 -
     90240 973c -
     81392 155c0 -
     85308 15468 -
     46792 16a20 -
     92848 f438 -
     93912 16edc -
     94088 16f8c -
     78336 14228 -
      1200 1318c -
     93436 16d00 -
     93696 16e04 -
     18408 ab58 -
     32236 16ae4 -
     93800 b3bc -
     44012 15a00 -
     93680 16844 -
     91216 15f10 -
     55208 16f80 -
     89168 8610 -
     65464 e88c -
     89532 ec2c -
     68964 16e2c -
     93664 16e3c -
     92968 16a10 19357
     93604 16b60 -
     59840 16f0c -
     93296 f0d8 -
     93212 16d30 -
     77792 12d5c -
     90516 160d4 -
     88312 16230 -
     60788 16fe0 -
     94472 1710c -
     95204 173e8 -
     91676 168a0 -
     42260 14884 -
     92644 17020 -
     94416 170d4 -
     71944 4af8 -
     94532 16764 -
     61204 172d0 -
     34088 172c4 -
     95060 154b4 -
     94784 17244 -
     55896 fe4c -
     87100 d914 -
     93308 173d4 -
     71776 16fb0 -
     91304 d298 -
     69804 17350 -
     89440 1682c -
     91096 171c0 -
     92492 169d8 -
     72600 cbdc -
     92624 14e9c -
     94516 153b0 -
     94848 171cc -
     91580 16e60 -
     45804 11824 -
     92476 853c -
     87132 ea98 -
     88680 16fd8 -
     58660 f554 -
     94740 16d68 -
     94984 8cc0 -
     56372 16c80 -
     58832 16c5c -
     47884 17310 -
     94308 166dc -
     80108 17320 -
     94104 171d8 -
     91396 9f00 -
     91964 9a64 -
     52140 a9c4 -
     94264 1703c -
     92816 10e08 -
     47584 87d8 -
     94032 2ec0 -
     88912 f9a4 -
     83268 157a0 -
     78160 7970 -
     59328 17200 -
     17500 ed84 -
     87628 51e8 -
     93168 52b4 -
     90948 1715c -
     94084 dde4 -
     95408 174b4 -
     95296 918 -
     77168 17768 -
     76880 15a04 -
     56628 11bbc -
     81648 144dc -
     76108 163ac -
     78608 e8dc -
     56440 13818 -
     39140 12bb8 -
     29892 16838 -
     95608 17604 -
     92560 17314 -
     95436 174d0 19429
Cleaned out 122 stale readers
Refreshing native plugins compatible for Editor in 1913.24 ms, found 4 plugins.
Preloading 0 native plugins for Editor in 0.00 ms.
Initialize engine version: 2022.1.20f1 (01d83b40d570)
[Subsystems] Discovering subsystems at path D:/2022.1.20f1/Editor/Data/Resources/UnitySubsystems
[Subsystems] Discovering subsystems at path S:/Vault/Eve-of-Darkness/Assets
GfxDevice: creating device client; threaded=0; jobified=0
Direct3D:
    Version:  Direct3D 11.0 [level 11.1]
    Renderer: NVIDIA GeForce RTX 2080 (ID=0x1e87)
    Vendor:   NVIDIA
    VRAM:     8002 MB
    Driver:   31.0.15.2686
Initialize mono
Mono path[0] = 'D:/2022.1.20f1/Editor/Data/Managed'
Mono path[1] = 'D:/2022.1.20f1/Editor/Data/MonoBleedingEdge/lib/mono/unityjit-win32'
Mono config path = 'D:/2022.1.20f1/Editor/Data/MonoBleedingEdge/etc'
Using monoOptions --debugger-agent=transport=dt_socket,embedding=1,server=y,suspend=n,address=127.0.0.1:56188
Begin MonoManager ReloadAssembly
Registering precompiled unity dll's ...
Register platform support module: D:/2022.1.20f1/Editor/Data/PlaybackEngines/WindowsStandaloneSupport/UnityEditor.WindowsStandalone.Extensions.dll
Registered in 0.028179 seconds.
Native extension for WindowsStandalone target not found
Refreshing native plugins compatible for Editor in 5247.67 ms, found 4 plugins.
Preloading 0 native plugins for Editor in 0.00 ms.
Mono: successfully reloaded assembly
- Completed reload, in  9.777 seconds
Domain Reload Profiling:
	ReloadAssembly (9782ms)
		BeginReloadAssembly (436ms)
			ExecutionOrderSort (0ms)
			DisableScriptedObjects (0ms)
			BackupInstance (0ms)
			ReleaseScriptingObjects (0ms)
			CreateAndSetChildDomain (4ms)
		EndReloadAssembly (8636ms)
			LoadAssemblies (433ms)
			RebuildTransferFunctionScriptingTraits (0ms)
			SetupTypeCache (906ms)
				TypeCache.Initialize (904ms)
					TypeCache.ScanAssembly (896ms)
				ResolveRequiredComponents (2ms)
			ReleaseScriptCaches (0ms)
			RebuildScriptCaches (302ms)
			SetupLoadedEditorAssemblies (6936ms)
				LogAssemblyErrors (0ms)
				InitializePlatformSupportModulesInManaged (71ms)
				SetLoadedEditorAssemblies (76ms)
				RefreshPlugins (5248ms)
				BeforeProcessingInitializeOnLoad (14ms)
				ProcessInitializeOnLoadAttributes (1187ms)
				ProcessInitializeOnLoadMethodAttributes (339ms)
				AfterProcessingInitializeOnLoad (0ms)
				EditorAssembliesLoaded (1ms)
			ExecutionOrderSort2 (0ms)
			AwakeInstancesAfterBackupRestoration (0ms)
Platform modules already initialized, skipping
Registering precompiled user dll's ...
Registered in 0.072141 seconds.
