Using pre-set license
Built from '2022.1/staging' branch; Version is '2022.1.20f1 (01d83b40d570) revision 120891'; Using compiler version '192829333'; Build Type 'Release'
OS: 'Windows 11  (10.0.22631) 64bit Core' Language: 'en' Physical Memory: 65264 MB
BatchMode: 1, IsHumanControllingUs: 0, StartBugReporterOnCrash: 0, Is64bit: 1, IsPro: 1

COMMAND LINE ARGUMENTS:
D:\2022.1.20f1\Editor\Unity.exe
-adb2
-batchMode
-noUpm
-name
AssetImportWorker373
-projectPath
S:/Vault/Eve-of-Darkness
-logFile
Logs/AssetImportWorker373.log
-srvPort
12787
Successfully changed project path to: S:/Vault/Eve-of-Darkness
S:/Vault/Eve-of-Darkness
[UnityMemory] Configuration Parameters - Can be set up in boot.config
    "memorysetup-bucket-allocator-granularity=16"
    "memorysetup-bucket-allocator-bucket-count=8"
    "memorysetup-bucket-allocator-block-size=33554432"
    "memorysetup-bucket-allocator-block-count=8"
    "memorysetup-main-allocator-block-size=16777216"
    "memorysetup-thread-allocator-block-size=16777216"
    "memorysetup-gfx-main-allocator-block-size=16777216"
    "memorysetup-gfx-thread-allocator-block-size=16777216"
    "memorysetup-cache-allocator-block-size=4194304"
    "memorysetup-typetree-allocator-block-size=2097152"
    "memorysetup-profiler-bucket-allocator-granularity=16"
    "memorysetup-profiler-bucket-allocator-bucket-count=8"
    "memorysetup-profiler-bucket-allocator-block-size=33554432"
    "memorysetup-profiler-bucket-allocator-block-count=8"
    "memorysetup-profiler-allocator-block-size=16777216"
    "memorysetup-profiler-editor-allocator-block-size=1048576"
    "memorysetup-temp-allocator-size-main=16777216"
    "memorysetup-job-temp-allocator-block-size=2097152"
    "memorysetup-job-temp-allocator-block-size-background=1048576"
    "memorysetup-job-temp-allocator-reduction-small-platforms=262144"
    "memorysetup-temp-allocator-size-background-worker=32768"
    "memorysetup-temp-allocator-size-job-worker=262144"
    "memorysetup-temp-allocator-size-preload-manager=33554432"
    "memorysetup-temp-allocator-size-nav-mesh-worker=65536"
    "memorysetup-temp-allocator-size-audio-worker=65536"
    "memorysetup-temp-allocator-size-cloud-worker=32768"
    "memorysetup-temp-allocator-size-gi-baking-worker=262144"
    "memorysetup-temp-allocator-size-gfx=262144"
mdb reader table full -> cleaning up stale readers. Current readers:
    pid     thread     txnid
     16748 50d4 -
     14052 e44 -
     34872 8d60 -
     68672 13cb8 -
     76168 d508 -
     74892 1615c -
     98760 11dbc -
     39136 15278 -
      2052 12c60 -
     90316 10128 -
     62628 15588 -
       432 2a70 -
     24068 7b6c -
     49672 14a4 -
     83396 bf4c -
     43728 ba54 -
     89812 5570 -
     90336 17404 -
     48004 68d8 -
     58724 e2b4 -
     41776 d680 -
     75432 9914 -
     35248 11c10 -
     32020 11368 -
     64676 4864 -
     40260 8648 -
     67276 6770 -
     25144 34a4 -
     97872 f30c -
     95688 bd54 -
     28696 174c0 -
      8180 580c -
     29332 d4b0 -
     60700 c2e4 -
     47452 17874 -
     18880 15608 -
     93828 8e8 -
     47672 dc68 -
     11700 d6d4 -
     92452 eda8 -
     77928 a5fc -
     92308 cc0c -
     75496 a678 -
     63176 e7cc -
     52840 9bbc -
     97428 e888 -
    100484 2d00 -
     28732 1ca8 -
     86340 12a78 -
     34892 13868 -
     36072 9068 -
     87544 ccf0 -
     56436 c680 -
     53140 77dc -
     68100 bed0 -
     24908 f250 -
     52976 117b4 -
     28676 7378 -
     78300 60ec -
     54736 4a34 -
     41756 d690 -
     24584 10408 -
     47536 b1e4 -
     41788 107cc -
     70860 170bc -
     50168 71b0 -
    100488 e918 -
     98628 bbb4 -
     30852 177d8 -
      1996 be48 -
     31792 17d98 -
     50332 621c -
     47292 17fc8 -
     34620 846c -
     32524 36dc -
     89096 7250 -
     86592 105b4 -
     51984 a3c0 -
     84500 20e0 -
     99556 1328 -
     58364 1505c -
     44260 e840 -
     89348 f524 -
     59712 1978 -
     16460 70c0 -
     72292 141a8 -
     26760 c3c -
     59072 15fc -
     13656 13850 19006
     97412 12378 19006
     73644 df80 -
     32780 14e58 19008
    101256 108fc -
     94380 16eb0 -
     63528 971c -
     95652 ed8c -
     45492 1818c -
     21124 d334 -
     36760 8e1c -
     12700 16a70 -
     24376 db40 -
     53036 4c98 -
     96268 100c -
    100036 57ac -
     38208 11c28 -
     53776 bb0c -
     75484 8ec0 -
     97236 13e14 -
     65040 138ec -
     99944 937c -
     87624 5bac -
     61900 1072c -
     75036 1749c -
     84644 c2ec -
     68820 12280 -
     79768 4e94 -
     10724 3be8 -
     86552 10cdc -
     43476 18298 -
     60588 c0e4 -
     20864 160 -
     23772 9b8 -
     63960 6944 -
     68664 7154 -
     43260 5898 -
     28564 17ca0 -
Cleaned out 124 stale readers
Refreshing native plugins compatible for Editor in 2198.14 ms, found 4 plugins.
Preloading 0 native plugins for Editor in 0.00 ms.
Initialize engine version: 2022.1.20f1 (01d83b40d570)
[Subsystems] Discovering subsystems at path D:/2022.1.20f1/Editor/Data/Resources/UnitySubsystems
[Subsystems] Discovering subsystems at path S:/Vault/Eve-of-Darkness/Assets
GfxDevice: creating device client; threaded=0; jobified=0
Direct3D:
    Version:  Direct3D 11.0 [level 11.1]
    Renderer: NVIDIA GeForce RTX 2080 (ID=0x1e87)
    Vendor:   NVIDIA
    VRAM:     8002 MB
    Driver:   31.0.15.2686
Initialize mono
Mono path[0] = 'D:/2022.1.20f1/Editor/Data/Managed'
Mono path[1] = 'D:/2022.1.20f1/Editor/Data/MonoBleedingEdge/lib/mono/unityjit-win32'
Mono config path = 'D:/2022.1.20f1/Editor/Data/MonoBleedingEdge/etc'
Using monoOptions --debugger-agent=transport=dt_socket,embedding=1,server=y,suspend=n,address=127.0.0.1:56100
Begin MonoManager ReloadAssembly
Registering precompiled unity dll's ...
Register platform support module: D:/2022.1.20f1/Editor/Data/PlaybackEngines/WindowsStandaloneSupport/UnityEditor.WindowsStandalone.Extensions.dll
Registered in 0.004976 seconds.
Native extension for WindowsStandalone target not found
Refreshing native plugins compatible for Editor in 1332.12 ms, found 4 plugins.
Preloading 0 native plugins for Editor in 0.00 ms.
Mono: successfully reloaded assembly
- Completed reload, in  4.997 seconds
Domain Reload Profiling:
	ReloadAssembly (5000ms)
		BeginReloadAssembly (303ms)
			ExecutionOrderSort (0ms)
			DisableScriptedObjects (0ms)
			BackupInstance (0ms)
			ReleaseScriptingObjects (0ms)
			CreateAndSetChildDomain (3ms)
		EndReloadAssembly (4364ms)
			LoadAssemblies (300ms)
			RebuildTransferFunctionScriptingTraits (0ms)
			SetupTypeCache (465ms)
				TypeCache.Initialize (463ms)
					TypeCache.ScanAssembly (458ms)
				ResolveRequiredComponents (2ms)
			ReleaseScriptCaches (0ms)
			RebuildScriptCaches (133ms)
			SetupLoadedEditorAssemblies (3544ms)
				LogAssemblyErrors (0ms)
				InitializePlatformSupportModulesInManaged (26ms)
				SetLoadedEditorAssemblies (30ms)
				RefreshPlugins (1332ms)
				BeforeProcessingInitializeOnLoad (9ms)
				ProcessInitializeOnLoadAttributes (1848ms)
				ProcessInitializeOnLoadMethodAttributes (299ms)
				AfterProcessingInitializeOnLoad (0ms)
				EditorAssembliesLoaded (0ms)
			ExecutionOrderSort2 (0ms)
			AwakeInstancesAfterBackupRestoration (0ms)
Platform modules already initialized, skipping
Registering precompiled user dll's ...
Registered in 0.026897 seconds.
Begin MonoManager ReloadAssembly
Symbol file LoadedFromMemory doesn't match image S:\Vault\Eve-of-Darkness\Library\PackageCache\com.unity.visualscripting@1.7.8\Editor\VisualScripting.Core\Dependencies\YamlDotNet\Unity.VisualScripting.YamlDotNet.dll
Symbol file LoadedFromMemory doesn't match image S:\Vault\Eve-of-Darkness\Library\PackageCache\com.unity.visualscripting@1.7.8\Editor\VisualScripting.Core\Dependencies\DotNetZip\Unity.VisualScripting.IonicZip.dll
