Using pre-set license
Built from '2022.1/staging' branch; Version is '2022.1.20f1 (01d83b40d570) revision 120891'; Using compiler version '192829333'; Build Type 'Release'
OS: 'Windows 11  (10.0.22631) 64bit Core' Language: 'en' Physical Memory: 65264 MB
BatchMode: 1, IsHumanControllingUs: 0, StartBugReporterOnCrash: 0, Is64bit: 1, IsPro: 1

COMMAND LINE ARGUMENTS:
D:\2022.1.20f1\Editor\Unity.exe
-adb2
-batchMode
-noUpm
-name
AssetImportWorker610
-projectPath
S:/Vault/Eve-of-Darkness
-logFile
Logs/AssetImportWorker610.log
-srvPort
8727
Successfully changed project path to: S:/Vault/Eve-of-Darkness
S:/Vault/Eve-of-Darkness
[UnityMemory] Configuration Parameters - Can be set up in boot.config
    "memorysetup-bucket-allocator-granularity=16"
    "memorysetup-bucket-allocator-bucket-count=8"
    "memorysetup-bucket-allocator-block-size=33554432"
    "memorysetup-bucket-allocator-block-count=8"
    "memorysetup-main-allocator-block-size=16777216"
    "memorysetup-thread-allocator-block-size=16777216"
    "memorysetup-gfx-main-allocator-block-size=16777216"
    "memorysetup-gfx-thread-allocator-block-size=16777216"
    "memorysetup-cache-allocator-block-size=4194304"
    "memorysetup-typetree-allocator-block-size=2097152"
    "memorysetup-profiler-bucket-allocator-granularity=16"
    "memorysetup-profiler-bucket-allocator-bucket-count=8"
    "memorysetup-profiler-bucket-allocator-block-size=33554432"
    "memorysetup-profiler-bucket-allocator-block-count=8"
    "memorysetup-profiler-allocator-block-size=16777216"
    "memorysetup-profiler-editor-allocator-block-size=1048576"
    "memorysetup-temp-allocator-size-main=16777216"
    "memorysetup-job-temp-allocator-block-size=2097152"
    "memorysetup-job-temp-allocator-block-size-background=1048576"
    "memorysetup-job-temp-allocator-reduction-small-platforms=262144"
    "memorysetup-temp-allocator-size-background-worker=32768"
    "memorysetup-temp-allocator-size-job-worker=262144"
    "memorysetup-temp-allocator-size-preload-manager=33554432"
    "memorysetup-temp-allocator-size-nav-mesh-worker=65536"
    "memorysetup-temp-allocator-size-audio-worker=65536"
    "memorysetup-temp-allocator-size-cloud-worker=32768"
    "memorysetup-temp-allocator-size-gi-baking-worker=262144"
    "memorysetup-temp-allocator-size-gfx=262144"
mdb reader table full -> cleaning up stale readers. Current readers:
    pid     thread     txnid
     73516 1486c -
     73516 355c -
     91068 7b2c -
     74624 a870 -
     89008 127a0 -
     95156 17158 -
     83124 3738 -
     78824 167f8 -
     97532 17d00 -
     97360 17c5c -
     90368 17af8 -
     98256 17fd8 -
     92692 534c -
     97568 17d24 -
     87428 144d0 -
     79728 15784 -
     91788 a0fc -
     95452 c87c -
     98092 154fc -
     95352 92c -
     90200 f468 -
     62148 17eac -
     94856 162d0 -
     97160 1740c -
     71532 16e50 -
     91192 bf04 -
     37524 d720 -
     78444 16850 -
     92932 15ca4 -
     87440 15138 11926
     70956 1652c -
     53856 1447c -
     94052 4d48 -
     88116 1660c -
     97436 16548 -
     95276 db78 -
     83704 17700 -
     93944 158c0 -
     97996 7ed4 -
     67860 f150 -
     42264 16d88 -
     96584 11b78 -
     86280 17de8 -
     41600 b84c -
     91548 17c0c -
     57252 ece4 -
     97484 1728c -
     92676 16930 -
     98236 c1c8 -
     98176 17e84 -
     64392 16750 -
     78724 17b7c -
     92588 14a7c -
     95120 58f0 -
     93508 16c94 -
     97172 178f0 -
     95836 16580 -
     97972 170f4 -
     32908 17814 -
     91628 17d9c -
     56712 1282c -
     96548 87c0 -
     73588 1737c -
     83888 167a4 -
     95128 de58 -
     98552 180fc -
     99228 183a0 -
     98324 162bc -
     85612 13b94 -
     89916 14200 -
     98472 180ac -
     99172 18334 -
     92516 180bc -
     30324 1890 -
     91220 b5f4 -
     99292 17cb0 -
     98644 18158 -
     99096 15bf0 -
     60752 151d4 -
     88388 da44 -
     97832 16520 -
     24320 175b0 11977
     98864 17cf0 -
     95528 17094 11979
     97576 139cc -
     52668 e820 11982
     10268 168dc 11983
     64924 17c40 -
     97788 152e4 -
     91288 b7c -
     54208 cb98 -
     96140 1617c 11987
     96232 7258 -
     96912 f1d8 11990
     98588 16578 -
     95380 18094 -
     26584 9de0 -
     92952 1800c -
     14912 15700 -
     97660 16e44 -
     51308 14c30 -
     95360 5190 11998
     93848 16410 -
     98952 17644 -
     98392 38a4 -
     91528 1804c -
     91712 1819c -
     90564 15754 -
     68532 16af0 -
     35560 16a24 -
     88220 14504 -
     49124 158e4 -
     99044 18308 -
     43092 156d8 -
     78300 14780 -
     45696 87f0 -
     99160 16928 -
     44780 98a8 -
     91344 17b6c -
     97584 10080 -
     99344 18414 -
    100076 186f0 -
     96032 17958 -
     13432 12200 -
     99416 149dc 12017
     46512 185c4 -
Cleaned out 121 stale readers
Refreshing native plugins compatible for Editor in 1533.52 ms, found 4 plugins.
Preloading 0 native plugins for Editor in 0.00 ms.
Initialize engine version: 2022.1.20f1 (01d83b40d570)
[Subsystems] Discovering subsystems at path D:/2022.1.20f1/Editor/Data/Resources/UnitySubsystems
[Subsystems] Discovering subsystems at path S:/Vault/Eve-of-Darkness/Assets
GfxDevice: creating device client; threaded=0; jobified=0
Direct3D:
    Version:  Direct3D 11.0 [level 11.1]
    Renderer: NVIDIA GeForce RTX 2080 (ID=0x1e87)
    Vendor:   NVIDIA
    VRAM:     8002 MB
    Driver:   31.0.15.2686
Initialize mono
Mono path[0] = 'D:/2022.1.20f1/Editor/Data/Managed'
Mono path[1] = 'D:/2022.1.20f1/Editor/Data/MonoBleedingEdge/lib/mono/unityjit-win32'
Mono config path = 'D:/2022.1.20f1/Editor/Data/MonoBleedingEdge/etc'
Using monoOptions --debugger-agent=transport=dt_socket,embedding=1,server=y,suspend=n,address=127.0.0.1:56308
Begin MonoManager ReloadAssembly
Registering precompiled unity dll's ...
Register platform support module: D:/2022.1.20f1/Editor/Data/PlaybackEngines/WindowsStandaloneSupport/UnityEditor.WindowsStandalone.Extensions.dll
Registered in 0.007286 seconds.
Native extension for WindowsStandalone target not found
Refreshing native plugins compatible for Editor in 2577.46 ms, found 4 plugins.
Preloading 0 native plugins for Editor in 0.00 ms.
Mono: successfully reloaded assembly
- Completed reload, in 13.313 seconds
Domain Reload Profiling:
	ReloadAssembly (13316ms)
		BeginReloadAssembly (457ms)
			ExecutionOrderSort (0ms)
			DisableScriptedObjects (0ms)
			BackupInstance (0ms)
			ReleaseScriptingObjects (0ms)
			CreateAndSetChildDomain (4ms)
		EndReloadAssembly (12303ms)
			LoadAssemblies (453ms)
			RebuildTransferFunctionScriptingTraits (0ms)
			SetupTypeCache (5368ms)
				TypeCache.Initialize (5267ms)
					TypeCache.ScanAssembly (4871ms)
				ResolveRequiredComponents (101ms)
			ReleaseScriptCaches (0ms)
			RebuildScriptCaches (156ms)
			SetupLoadedEditorAssemblies (5051ms)
				LogAssemblyErrors (0ms)
				InitializePlatformSupportModulesInManaged (29ms)
				SetLoadedEditorAssemblies (31ms)
				RefreshPlugins (2578ms)
				BeforeProcessingInitializeOnLoad (12ms)
				ProcessInitializeOnLoadAttributes (2050ms)
				ProcessInitializeOnLoadMethodAttributes (351ms)
				AfterProcessingInitializeOnLoad (0ms)
				EditorAssembliesLoaded (1ms)
			ExecutionOrderSort2 (0ms)
			AwakeInstancesAfterBackupRestoration (0ms)
Platform modules already initialized, skipping
Registering precompiled user dll's ...
Registered in 0.089751 seconds.
