Using pre-set license
Built from '2022.1/staging' branch; Version is '2022.1.20f1 (01d83b40d570) revision 120891'; Using compiler version '192829333'; Build Type 'Release'
OS: 'Windows 11  (10.0.22631) 64bit Core' Language: 'en' Physical Memory: 65264 MB
BatchMode: 1, IsHumanControllingUs: 0, StartBugReporterOnCrash: 0, Is64bit: 1, IsPro: 1

COMMAND LINE ARGUMENTS:
D:\2022.1.20f1\Editor\Unity.exe
-adb2
-batchMode
-noUpm
-name
AssetImportWorker125
-projectPath
S:/Vault/Eve-of-Darkness
-logFile
Logs/AssetImportWorker125.log
-srvPort
8727
Successfully changed project path to: S:/Vault/Eve-of-Darkness
S:/Vault/Eve-of-Darkness
[UnityMemory] Configuration Parameters - Can be set up in boot.config
    "memorysetup-bucket-allocator-granularity=16"
    "memorysetup-bucket-allocator-bucket-count=8"
    "memorysetup-bucket-allocator-block-size=33554432"
    "memorysetup-bucket-allocator-block-count=8"
    "memorysetup-main-allocator-block-size=16777216"
    "memorysetup-thread-allocator-block-size=16777216"
    "memorysetup-gfx-main-allocator-block-size=16777216"
    "memorysetup-gfx-thread-allocator-block-size=16777216"
    "memorysetup-cache-allocator-block-size=4194304"
    "memorysetup-typetree-allocator-block-size=2097152"
    "memorysetup-profiler-bucket-allocator-granularity=16"
    "memorysetup-profiler-bucket-allocator-bucket-count=8"
    "memorysetup-profiler-bucket-allocator-block-size=33554432"
    "memorysetup-profiler-bucket-allocator-block-count=8"
    "memorysetup-profiler-allocator-block-size=16777216"
    "memorysetup-profiler-editor-allocator-block-size=1048576"
    "memorysetup-temp-allocator-size-main=16777216"
    "memorysetup-job-temp-allocator-block-size=2097152"
    "memorysetup-job-temp-allocator-block-size-background=1048576"
    "memorysetup-job-temp-allocator-reduction-small-platforms=262144"
    "memorysetup-temp-allocator-size-background-worker=32768"
    "memorysetup-temp-allocator-size-job-worker=262144"
    "memorysetup-temp-allocator-size-preload-manager=33554432"
    "memorysetup-temp-allocator-size-nav-mesh-worker=65536"
    "memorysetup-temp-allocator-size-audio-worker=65536"
    "memorysetup-temp-allocator-size-cloud-worker=32768"
    "memorysetup-temp-allocator-size-gi-baking-worker=262144"
    "memorysetup-temp-allocator-size-gfx=262144"
mdb reader table full -> cleaning up stale readers. Current readers:
    pid     thread     txnid
     73516 1486c -
     31920 6c80 -
     73232 13d4c 19061
     54384 15b10 -
     43476 b39c -
     42700 aecc -
     23560 15b90 -
     79384 1415c -
     88464 c71c -
     85384 a954 -
     83788 11b80 -
     81452 dcac -
     84900 7c98 -
     81856 14688 -
     43244 5a7c -
     58836 14fd4 -
     81996 12bfc -
     80140 158b4 -
     88676 12108 -
     50760 b884 -
     87836 8940 -
     87952 15330 -
     49996 8d4c -
     70084 11d5c -
     85780 f558 -
     86160 5598 -
     89880 101c0 -
     85996 14ef0 -
     50144 9dc0 -
     13664 15dfc -
     58420 14c54 -
     71972 15c04 -
     37932 7a70 -
     71756 14a2c -
     25248 a5e8 -
     59372 81a8 -
     47588 4ce8 -
     84120 109b0 19099
     88500 d824 -
     50204 ae68 -
     89672 11a88 -
     45352 ad48 -
     23516 15dac -
     83616 ab1c 19105
     58116 15c20 -
     88120 9690 -
     41408 6e70 -
     43644 15698 -
      6792 14530 -
     85728 3eb4 -
     81116 12344 -
     27596 140b4 -
     66156 15bd4 -
     63844 d9f8 -
     75768 cf88 -
     58448 11bb4 -
     61736 e10c -
     68808 51e4 -
     58412 15a9c -
     47976 f660 -
     87832 15fe8 -
     89768 d274 -
     60448 bb20 -
     65532 13b9c -
     67768 eb14 -
     48816 1521c -
     36700 b22c -
     78888 ab18 -
     17488 1424c -
     89304 b4e8 -
     27676 156e0 -
     20548 ebf8 -
     85204 de8c -
     87888 daf4 -
     39436 14d50 -
     87636 e110 -
     57084 1327c -
     63288 14860 -
     43832 1d8c -
     89204 10f00 -
     27208 12c20 -
     62572 4368 -
     74872 142c0 -
     62208 e9e4 -
     46720 f6ec -
     27740 12334 -
     30972 adf4 -
     88768 134f8 -
     34736 11ba8 -
     87332 c8cc -
     63836 1058 -
     41280 f0f4 -
     47320 5e74 -
     89508 6bc0 -
     74784 f96c -
     85196 bce0 -
     89344 1532c -
     70608 13b14 -
     69556 b23c -
     85832 14a8c -
     70144 eb40 -
     12488 c8bc -
     71276 13bb8 -
     89732 1167c -
     61616 14d40 -
     20572 a6bc -
     85080 1557c -
     19304 a3e8 -
     74668 acd8 -
     87336 153c0 -
     28292 157fc -
     87932 153e4 -
     85656 15b08 -
     90656 16224 -
     90848 162e4 -
     74108 1537c -
     84196 161e8 -
     90124 16010 -
     78836 e818 -
     90884 16308 -
     73904 14e84 -
     60220 a724 -
     84308 14f20 -
     83116 13f3c -
     90296 160bc -
     76460 14ad8 19185
Cleaned out 122 stale readers
Refreshing native plugins compatible for Editor in 2783.79 ms, found 4 plugins.
Preloading 0 native plugins for Editor in 0.00 ms.
Initialize engine version: 2022.1.20f1 (01d83b40d570)
[Subsystems] Discovering subsystems at path D:/2022.1.20f1/Editor/Data/Resources/UnitySubsystems
[Subsystems] Discovering subsystems at path S:/Vault/Eve-of-Darkness/Assets
GfxDevice: creating device client; threaded=0; jobified=0
Direct3D:
    Version:  Direct3D 11.0 [level 11.1]
    Renderer: NVIDIA GeForce RTX 2080 (ID=0x1e87)
    Vendor:   NVIDIA
    VRAM:     8002 MB
    Driver:   31.0.15.2686
Initialize mono
Mono path[0] = 'D:/2022.1.20f1/Editor/Data/Managed'
Mono path[1] = 'D:/2022.1.20f1/Editor/Data/MonoBleedingEdge/lib/mono/unityjit-win32'
Mono config path = 'D:/2022.1.20f1/Editor/Data/MonoBleedingEdge/etc'
Using monoOptions --debugger-agent=transport=dt_socket,embedding=1,server=y,suspend=n,address=127.0.0.1:56448
Begin MonoManager ReloadAssembly
Registering precompiled unity dll's ...
Register platform support module: D:/2022.1.20f1/Editor/Data/PlaybackEngines/WindowsStandaloneSupport/UnityEditor.WindowsStandalone.Extensions.dll
Registered in 0.009626 seconds.
Native extension for WindowsStandalone target not found
Refreshing native plugins compatible for Editor in 1379.16 ms, found 4 plugins.
Preloading 0 native plugins for Editor in 0.00 ms.
Mono: successfully reloaded assembly
- Completed reload, in 11.691 seconds
Domain Reload Profiling:
	ReloadAssembly (11716ms)
		BeginReloadAssembly (1896ms)
			ExecutionOrderSort (0ms)
			DisableScriptedObjects (0ms)
			BackupInstance (0ms)
			ReleaseScriptingObjects (0ms)
			CreateAndSetChildDomain (6ms)
		EndReloadAssembly (9077ms)
			LoadAssemblies (1888ms)
			RebuildTransferFunctionScriptingTraits (0ms)
			SetupTypeCache (4040ms)
				TypeCache.Initialize (4037ms)
					TypeCache.ScanAssembly (4031ms)
				ResolveRequiredComponents (3ms)
			ReleaseScriptCaches (0ms)
			RebuildScriptCaches (137ms)
			SetupLoadedEditorAssemblies (4153ms)
				LogAssemblyErrors (0ms)
				InitializePlatformSupportModulesInManaged (28ms)
				SetLoadedEditorAssemblies (28ms)
				RefreshPlugins (1380ms)
				BeforeProcessingInitializeOnLoad (6ms)
				ProcessInitializeOnLoadAttributes (906ms)
				ProcessInitializeOnLoadMethodAttributes (1773ms)
				AfterProcessingInitializeOnLoad (1ms)
				EditorAssembliesLoaded (31ms)
			ExecutionOrderSort2 (0ms)
			AwakeInstancesAfterBackupRestoration (0ms)
Platform modules already initialized, skipping
Registering precompiled user dll's ...
Registered in 0.438778 seconds.
